<?xml version="1.0" encoding="UTF-8"?>
<!-- Generated by org.testng.reporters.JUnitXMLReporter -->
<testsuite hostname="wkuk402222" name="SimpleTest" tests="5" failures="4" timestamp="29 Apr 2016 11:02:53 GMT" time="0.159" errors="0">
  <testcase name="testAdd" time="0.009" classname="com.inflectra.spiratest.addons.testnglistener.samples.SimpleTest">
    <failure type="java.lang.AssertionError">
      <![CDATA[java.lang.AssertionError: 
	at com.inflectra.spiratest.addons.testnglistener.samples.SimpleTest.testAdd(SimpleTest.java:49)
... Removed 28 stack frames]]>
    </failure>
  </testcase> <!-- testAdd -->
  <testcase name="testDivideByZero" time="0.002" classname="com.inflectra.spiratest.addons.testnglistener.samples.SimpleTest">
    <failure type="java.lang.ArithmeticException" message="/ by zero">
      <![CDATA[java.lang.ArithmeticException: / by zero
	at com.inflectra.spiratest.addons.testnglistener.samples.SimpleTest.testDivideByZero(SimpleTest.java:60)
... Removed 25 stack frames]]>
    </failure>
  </testcase> <!-- testDivideByZero -->
  <testcase name="testEquals" time="0.002" classname="com.inflectra.spiratest.addons.testnglistener.samples.SimpleTest">
    <failure type="java.lang.AssertionError" message="Size expected:&amp;lt;12&amp;gt; but was:&amp;lt;13&amp;gt;">
      <![CDATA[java.lang.AssertionError: Size expected:<12> but was:<13>
	at com.inflectra.spiratest.addons.testnglistener.samples.SimpleTest.testEquals(SimpleTest.java:75)
... Removed 29 stack frames]]>
    </failure>
  </testcase> <!-- testEquals -->
  <testcase name="testParameters" time="0.002" classname="com.inflectra.spiratest.addons.testnglistener.samples.SimpleTest">
    <failure type="java.lang.AssertionError" message="expected:&amp;lt;librarian&amp;gt; but was:&amp;lt;borrower&amp;gt;">
      <![CDATA[java.lang.AssertionError: expected:<librarian> but was:<borrower>
	at com.inflectra.spiratest.addons.testnglistener.samples.SimpleTest.testParameters(SimpleTest.java:99)
... Removed 27 stack frames]]>
    </failure>
  </testcase> <!-- testParameters -->
  <testcase name="testSuccess" time="0.003" classname="com.inflectra.spiratest.addons.testnglistener.samples.SimpleTest"/>
</testsuite> <!-- SimpleTest -->
